<?xml version="1.0" encoding="UTF-8"?>
<testsuite xmlns:xsi="http://www.w3.org/2001/XMLSchema-instance" xsi:noNamespaceSchemaLocation="https://maven.apache.org/surefire/maven-surefire-plugin/xsd/surefire-test-report-3.0.xsd" version="3.0" name="TestSuite" time="7.032" tests="5" errors="0" skipped="0" failures="0">
  <properties>
[...]
</properties>
  <testcase name="testSearchByZipcode" classname="tests.GeoCodingTest" time="2.371">
    <system-out><![CDATA[Request method:	GET
Request URI:	https://api.openweathermap.org/geo/1.0/zip?zip=E14%2CGB&appid=83c0ca4e98c85c1161a957c0991f05a4&limit=1
Proxy:			<none>
Request params:	<none>
Query params:	zip=E14,GB
				appid=83c0ca4e98c85c1161a957c0991f05a4
				limit=1
Form params:	<none>
Path params:	<none>
Headers:		Accept=*/*
				Content-Type=application/json
Cookies:		<none>
Multiparts:		<none>
Body:			<none>
HTTP/1.1 200 OK
Date: Fri, 25 Jul 2025 08:42:18 GMT
Content-Type: application/json; charset=utf-8
Content-Length: 72
Connection: keep-alive
X-Cache-Key: /geo/1.0/zip?limit=1&zip=e14%2cgb
Access-Control-Allow-Origin: *
Access-Control-Allow-Credentials: true
Access-Control-Allow-Methods: GET, POST

{
    "zip": "E14",
    "name": "London",
    "lat": 51.4969,
    "lon": -0.0087,
    "country": "GB"
}
]]></system-out>
    <system-err><![CDATA[SLF4J: Failed to load class "org.slf4j.impl.StaticLoggerBinder".
SLF4J: Defaulting to no-operation (NOP) logger implementation
SLF4J: See http://www.slf4j.org/codes.html#StaticLoggerBinder for further details.
]]></system-err>
  </testcase>
  <testcase name="testSearchCityByName" classname="tests.GeoCodingTest" time="1.203">
    <system-out><![CDATA[Request method:	GET
Request URI:	https://api.openweathermap.org/geo/1.0/direct?q=London&appid=83c0ca4e98c85c1161a957c0991f05a4&limit=1
Proxy:			<none>
Request params:	<none>
Query params:	q=London
				appid=83c0ca4e98c85c1161a957c0991f05a4
				limit=1
Form params:	<none>
Path params:	<none>
Headers:		Accept=*/*
				Content-Type=application/json
Cookies:		<none>
Multiparts:		<none>
Body:			<none>
HTTP/1.1 200 OK
Date: Fri, 25 Jul 2025 08:42:19 GMT
Content-Type: application/json; charset=utf-8
Content-Length: 2650
Connection: keep-alive
X-Cache-Key: /geo/1.0/direct?limit=1&q=london
Access-Control-Allow-Origin: *
Access-Control-Allow-Credentials: true
Access-Control-Allow-Methods: GET, POST

[
    {
        "name": "London",
        "local_names": {
            "fi": "Lontoo",
            "sm": "Lonetona",
            "kn": "ಲಂಡನ್",
            "be": "Лондан",
            "tg": "Лондон",
            "ga": "Londain",
            "or": "ଲଣ୍ଡନ",
            "gv": "Lunnin",
            "ny": "London",
            "fy": "Londen",
            "gd": "Lunnainn",
            "na": "London",
            "bg": "Лондон",
            "cs": "Londýn",
            "qu": "London",
            "ko": "런던",
            "yi": "לאנדאן",
            "bs": "London",
            "ps": "لندن",
            "hy": "Լոնդոն",
            "to": "Lonitoni",
            "sk": "Londýn",
            "lb": "London",
            "sv": "London",
            "ku": "London",
            "io": "London",
            "nv": "Tooh Dineʼé Bikin Haalʼá",
            "fr": "Londres",
            "bm": "London",
            "tk": "London",
            "az": "London",
            "uz": "London",
            "kv": "Лондон",
            "da": "London",
            "oc": "Londres",
            "sl": "London",
            "br": "Londrez",
            "it": "Londra",
            "ln": "Lóndɛlɛ",
            "an": "Londres",
            "lo": "ລອນດອນ",
            "fj": "Lodoni",
            "uk": "Лондон",
            "lt": "Londonas",
            "ht": "Lonn",
            "fo": "London",
            "sd": "لنڊن",
            "ee": "London",
            "ug": "لوندۇن",
            "ie": "London",
            "ja": "ロンドン",
            "id": "London",
            "kw": "Loundres",
            "tr": "Londra",
            "bo": "ལོན་ཊོན།",
            "eu": "Londres",
            "nn": "London",
            "am": "ለንደን",
            "ce": "Лондон",
            "vo": "London",
            "zu": "ILondon",
            "av": "Лондон",
            "om": "Landan",
            "se": "London",
            "so": "London",
            "sc": "Londra",
            "sq": "Londra",
            "sa": "लन्डन्",
            "pt": "Londres",
            "mr": "लंडन",
            "bn": "লন্ডন",
            "ff": "London",
            "ig": "London",
            "wo": "Londar",
            "ba": "Лондон",
            "ta": "இலண்டன்",
            "nl": "Londen",
            "tw": "London",
            "st": "London",
            "my": "လန်ဒန်မြို့",
            "tl": "Londres",
            "ia": "London",
            "zh": "伦敦",
            "ne": "लन्डन",
            "ka": "ლონდონი",
            "ur": "علاقہ لندن",
            "lv": "Londona",
            "ml": "ലണ്ടൻ",
            "si": "ලන්ඩන්",
            "li": "Londe",
            "pl": "Londyn",
            "sr": "Лондон",
            "he": "לונדון",
            "mg": "Lôndôna",
            "th": "ลอนดอน",
            "ar": "لندن",
            "jv": "London",
            "gl": "Londres",
            "ha": "Landan",
            "sn": "London",
            "rm": "Londra",
            "vi": "Luân Đôn",
            "en": "London",
            "af": "Londen",
            "sh": "London",
            "bi": "London",
            "feature_name": "London",
            "pa": "ਲੰਡਨ",
            "fa": "لندن",
            "kl": "London",
            "tt": "Лондон",
            "bh": "लंदन",
            "de": "London",
            "kk": "Лондон",
            "ky": "Лондон",
            "cy": "Llundain",
            "co": "Londra",
            "wa": "Londe",
            "su": "London",
            "ro": "Londra",
            "et": "London",
            "hu": "London",
            "ay": "London",
            "es": "Londres",
            "el": "Λονδίνο",
            "gn": "Lóndyre",
            "mn": "Лондон",
            "ru": "Лондон",
            "yo": "Lọndọnu",
            "hi": "लंदन",
            "eo": "Londono",
            "ms": "London",
            "cv": "Лондон",
            "hr": "London",
            "mt": "Londra",
            "os": "Лондон",
            "sw": "London",
            "ca": "Londres",
            "no": "London",
            "te": "లండన్",
            "ab": "Лондон",
            "ascii": "London",
            "mk": "Лондон",
            "gu": "લંડન",
            "is": "London",
            "km": "ឡុងដ៍",
            "mi": "Rānana",
            "cu": "Лондонъ"
        },
        "lat": 51.5073219,
        "lon": -0.1276474,
        "country": "GB",
        "state": "England"
    }
]
City: London
Latitude: 51.5073219
In Japanese: ロンドン
]]></system-out>
  </testcase>
  <testcase name="testSearchCityWithoutApiKey" classname="tests.GeoCodingTest" time="0.299"/>
  <testcase name="testAirQualityByCity" classname="tests.AirPollutionTest" time="0.964">
    <system-out><![CDATA[Request method:	GET
Request URI:	https://api.openweathermap.org/geo/1.0/direct?q=London&appid=83c0ca4e98c85c1161a957c0991f05a4&limit=1
Proxy:			<none>
Request params:	<none>
Query params:	q=London
				appid=83c0ca4e98c85c1161a957c0991f05a4
				limit=1
Form params:	<none>
Path params:	<none>
Headers:		Accept=*/*
				Content-Type=application/json
Cookies:		<none>
Multiparts:		<none>
Body:			<none>
HTTP/1.1 200 OK
Date: Fri, 25 Jul 2025 08:42:20 GMT
Content-Type: application/json; charset=utf-8
Content-Length: 2650
Connection: keep-alive
X-Cache-Key: /geo/1.0/direct?limit=1&q=london
Access-Control-Allow-Origin: *
Access-Control-Allow-Credentials: true
Access-Control-Allow-Methods: GET, POST

[
    {
        "name": "London",
        "local_names": {
            "fi": "Lontoo",
            "sm": "Lonetona",
            "kn": "ಲಂಡನ್",
            "be": "Лондан",
            "tg": "Лондон",
            "ga": "Londain",
            "or": "ଲଣ୍ଡନ",
            "gv": "Lunnin",
            "ny": "London",
            "fy": "Londen",
            "gd": "Lunnainn",
            "na": "London",
            "bg": "Лондон",
            "cs": "Londýn",
            "qu": "London",
            "ko": "런던",
            "yi": "לאנדאן",
            "bs": "London",
            "ps": "لندن",
            "hy": "Լոնդոն",
            "to": "Lonitoni",
            "sk": "Londýn",
            "lb": "London",
            "sv": "London",
            "ku": "London",
            "io": "London",
            "nv": "Tooh Dineʼé Bikin Haalʼá",
            "fr": "Londres",
            "bm": "London",
            "tk": "London",
            "az": "London",
            "uz": "London",
            "kv": "Лондон",
            "da": "London",
            "oc": "Londres",
            "sl": "London",
            "br": "Londrez",
            "it": "Londra",
            "ln": "Lóndɛlɛ",
            "an": "Londres",
            "lo": "ລອນດອນ",
            "fj": "Lodoni",
            "uk": "Лондон",
            "lt": "Londonas",
            "ht": "Lonn",
            "fo": "London",
            "sd": "لنڊن",
            "ee": "London",
            "ug": "لوندۇن",
            "ie": "London",
            "ja": "ロンドン",
            "id": "London",
            "kw": "Loundres",
            "tr": "Londra",
            "bo": "ལོན་ཊོན།",
            "eu": "Londres",
            "nn": "London",
            "am": "ለንደን",
            "ce": "Лондон",
            "vo": "London",
            "zu": "ILondon",
            "av": "Лондон",
            "om": "Landan",
            "se": "London",
            "so": "London",
            "sc": "Londra",
            "sq": "Londra",
            "sa": "लन्डन्",
            "pt": "Londres",
            "mr": "लंडन",
            "bn": "লন্ডন",
            "ff": "London",
            "ig": "London",
            "wo": "Londar",
            "ba": "Лондон",
            "ta": "இலண்டன்",
            "nl": "Londen",
            "tw": "London",
            "st": "London",
            "my": "လန်ဒန်မြို့",
            "tl": "Londres",
            "ia": "London",
            "zh": "伦敦",
            "ne": "लन्डन",
            "ka": "ლონდონი",
            "ur": "علاقہ لندن",
            "lv": "Londona",
            "ml": "ലണ്ടൻ",
            "si": "ලන්ඩන්",
            "li": "Londe",
            "pl": "Londyn",
            "sr": "Лондон",
            "he": "לונדון",
            "mg": "Lôndôna",
            "th": "ลอนดอน",
            "ar": "لندن",
            "jv": "London",
            "gl": "Londres",
            "ha": "Landan",
            "sn": "London",
            "rm": "Londra",
            "vi": "Luân Đôn",
            "en": "London",
            "af": "Londen",
            "sh": "London",
            "bi": "London",
            "feature_name": "London",
            "pa": "ਲੰਡਨ",
            "fa": "لندن",
            "kl": "London",
            "tt": "Лондон",
            "bh": "लंदन",
            "de": "London",
            "kk": "Лондон",
            "ky": "Лондон",
            "cy": "Llundain",
            "co": "Londra",
            "wa": "Londe",
            "su": "London",
            "ro": "Londra",
            "et": "London",
            "hu": "London",
            "ay": "London",
            "es": "Londres",
            "el": "Λονδίνο",
            "gn": "Lóndyre",
            "mn": "Лондон",
            "ru": "Лондон",
            "yo": "Lọndọnu",
            "hi": "लंदन",
            "eo": "Londono",
            "ms": "London",
            "cv": "Лондон",
            "hr": "London",
            "mt": "Londra",
            "os": "Лондон",
            "sw": "London",
            "ca": "Londres",
            "no": "London",
            "te": "లండన్",
            "ab": "Лондон",
            "ascii": "London",
            "mk": "Лондон",
            "gu": "લંડન",
            "is": "London",
            "km": "ឡុងដ៍",
            "mi": "Rānana",
            "cu": "Лондонъ"
        },
        "lat": 51.5073219,
        "lon": -0.1276474,
        "country": "GB",
        "state": "England"
    }
]
Request method:	GET
Request URI:	https://api.openweathermap.org/data/2.5/air_pollution?appid=83c0ca4e98c85c1161a957c0991f05a4&lon=-0.1276474&lat=51.50732
Proxy:			<none>
Request params:	<none>
Query params:	appid=83c0ca4e98c85c1161a957c0991f05a4
				lon=-0.1276474
				lat=51.50732
Form params:	<none>
Path params:	<none>
Headers:		Accept=*/*
				Content-Type=application/json
Cookies:		<none>
Multiparts:		<none>
Body:			<none>
HTTP/1.1 200 OK
Date: Fri, 25 Jul 2025 08:42:21 GMT
Content-Type: application/json; charset=utf-8
Content-Length: 192
Connection: keep-alive
X-Cache-Key: /data/2.5/air_pollution?lat=51.51&lon=-0.13
Access-Control-Allow-Origin: *
Access-Control-Allow-Credentials: true
Access-Control-Allow-Methods: GET, POST

{
    "coord": {
        "lon": -0.1276,
        "lat": 51.5073
    },
    "list": [
        {
            "main": {
                "aqi": 1
            },
            "components": {
                "co": 122.29,
                "no": 7.32,
                "no2": 14.79,
                "o3": 41.73,
                "so2": 10.13,
                "pm2_5": 7.05,
                "pm10": 12.11,
                "nh3": 0.51
            },
            "dt": 1753432941
        }
    ]
}
]]></system-out>
  </testcase>
  <testcase name="testGetAirPollutionByCity" classname="tests.AirPollutionTest" time="0.695">
    <system-out><![CDATA[Request method:	GET
Request URI:	https://api.openweathermap.org/geo/1.0/direct?q=London&appid=83c0ca4e98c85c1161a957c0991f05a4&limit=1
Proxy:			<none>
Request params:	<none>
Query params:	q=London
				appid=83c0ca4e98c85c1161a957c0991f05a4
				limit=1
Form params:	<none>
Path params:	<none>
Headers:		Accept=*/*
				Content-Type=application/json
Cookies:		<none>
Multiparts:		<none>
Body:			<none>
HTTP/1.1 200 OK
Date: Fri, 25 Jul 2025 08:42:21 GMT
Content-Type: application/json; charset=utf-8
Content-Length: 2650
Connection: keep-alive
X-Cache-Key: /geo/1.0/direct?limit=1&q=london
Access-Control-Allow-Origin: *
Access-Control-Allow-Credentials: true
Access-Control-Allow-Methods: GET, POST

[
    {
        "name": "London",
        "local_names": {
            "fi": "Lontoo",
            "sm": "Lonetona",
            "kn": "ಲಂಡನ್",
            "be": "Лондан",
            "tg": "Лондон",
            "ga": "Londain",
            "or": "ଲଣ୍ଡନ",
            "gv": "Lunnin",
            "ny": "London",
            "fy": "Londen",
            "gd": "Lunnainn",
            "na": "London",
            "bg": "Лондон",
            "cs": "Londýn",
            "qu": "London",
            "ko": "런던",
            "yi": "לאנדאן",
            "bs": "London",
            "ps": "لندن",
            "hy": "Լոնդոն",
            "to": "Lonitoni",
            "sk": "Londýn",
            "lb": "London",
            "sv": "London",
            "ku": "London",
            "io": "London",
            "nv": "Tooh Dineʼé Bikin Haalʼá",
            "fr": "Londres",
            "bm": "London",
            "tk": "London",
            "az": "London",
            "uz": "London",
            "kv": "Лондон",
            "da": "London",
            "oc": "Londres",
            "sl": "London",
            "br": "Londrez",
            "it": "Londra",
            "ln": "Lóndɛlɛ",
            "an": "Londres",
            "lo": "ລອນດອນ",
            "fj": "Lodoni",
            "uk": "Лондон",
            "lt": "Londonas",
            "ht": "Lonn",
            "fo": "London",
            "sd": "لنڊن",
            "ee": "London",
            "ug": "لوندۇن",
            "ie": "London",
            "ja": "ロンドン",
            "id": "London",
            "kw": "Loundres",
            "tr": "Londra",
            "bo": "ལོན་ཊོན།",
            "eu": "Londres",
            "nn": "London",
            "am": "ለንደን",
            "ce": "Лондон",
            "vo": "London",
            "zu": "ILondon",
            "av": "Лондон",
            "om": "Landan",
            "se": "London",
            "so": "London",
            "sc": "Londra",
            "sq": "Londra",
            "sa": "लन्डन्",
            "pt": "Londres",
            "mr": "लंडन",
            "bn": "লন্ডন",
            "ff": "London",
            "ig": "London",
            "wo": "Londar",
            "ba": "Лондон",
            "ta": "இலண்டன்",
            "nl": "Londen",
            "tw": "London",
            "st": "London",
            "my": "လန်ဒန်မြို့",
            "tl": "Londres",
            "ia": "London",
            "zh": "伦敦",
            "ne": "लन्डन",
            "ka": "ლონდონი",
            "ur": "علاقہ لندن",
            "lv": "Londona",
            "ml": "ലണ്ടൻ",
            "si": "ලන්ඩන්",
            "li": "Londe",
            "pl": "Londyn",
            "sr": "Лондон",
            "he": "לונדון",
            "mg": "Lôndôna",
            "th": "ลอนดอน",
            "ar": "لندن",
            "jv": "London",
            "gl": "Londres",
            "ha": "Landan",
            "sn": "London",
            "rm": "Londra",
            "vi": "Luân Đôn",
            "en": "London",
            "af": "Londen",
            "sh": "London",
            "bi": "London",
            "feature_name": "London",
            "pa": "ਲੰਡਨ",
            "fa": "لندن",
            "kl": "London",
            "tt": "Лондон",
            "bh": "लंदन",
            "de": "London",
            "kk": "Лондон",
            "ky": "Лондон",
            "cy": "Llundain",
            "co": "Londra",
            "wa": "Londe",
            "su": "London",
            "ro": "Londra",
            "et": "London",
            "hu": "London",
            "ay": "London",
            "es": "Londres",
            "el": "Λονδίνο",
            "gn": "Lóndyre",
            "mn": "Лондон",
            "ru": "Лондон",
            "yo": "Lọndọnu",
            "hi": "लंदन",
            "eo": "Londono",
            "ms": "London",
            "cv": "Лондон",
            "hr": "London",
            "mt": "Londra",
            "os": "Лондон",
            "sw": "London",
            "ca": "Londres",
            "no": "London",
            "te": "లండన్",
            "ab": "Лондон",
            "ascii": "London",
            "mk": "Лондон",
            "gu": "લંડન",
            "is": "London",
            "km": "ឡុងដ៍",
            "mi": "Rānana",
            "cu": "Лондонъ"
        },
        "lat": 51.5073219,
        "lon": -0.1276474,
        "country": "GB",
        "state": "England"
    }
]
Request method:	GET
Request URI:	https://api.openweathermap.org/data/2.5/air_pollution?appid=83c0ca4e98c85c1161a957c0991f05a4&lon=-0.1276474&lat=51.50732
Proxy:			<none>
Request params:	<none>
Query params:	appid=83c0ca4e98c85c1161a957c0991f05a4
				lon=-0.1276474
				lat=51.50732
Form params:	<none>
Path params:	<none>
Headers:		Accept=*/*
				Content-Type=application/json
Cookies:		<none>
Multiparts:		<none>
Body:			<none>
HTTP/1.1 200 OK
Date: Fri, 25 Jul 2025 08:42:22 GMT
Content-Type: application/json; charset=utf-8
Content-Length: 192
Connection: keep-alive
X-Cache-Key: /data/2.5/air_pollution?lat=51.51&lon=-0.13
Access-Control-Allow-Origin: *
Access-Control-Allow-Credentials: true
Access-Control-Allow-Methods: GET, POST

{
    "coord": {
        "lon": -0.1276,
        "lat": 51.5073
    },
    "list": [
        {
            "main": {
                "aqi": 1
            },
            "components": {
                "co": 122.29,
                "no": 7.32,
                "no2": 14.79,
                "o3": 41.73,
                "so2": 10.13,
                "pm2_5": 7.05,
                "pm10": 12.11,
                "nh3": 0.51
            },
            "dt": 1753432941
        }
    ]
}
]]></system-out>
  </testcase>
</testsuite>