<?xml version="1.0" encoding="UTF-8"?>
<testsuite xmlns:xsi="http://www.w3.org/2001/XMLSchema-instance" xsi:noNamespaceSchemaLocation="https://maven.apache.org/surefire/maven-surefire-plugin/xsd/surefire-test-report-3.0.xsd" version="3.0" name="TestSuite" time="6.105" tests="5" errors="0" skipped="0" failures="0">
  <properties>
[...]
</properties>
  <testcase name="TC_01_testSearchCityByName" classname="tests.GeoCodingTest" time="2.21">
    <system-err><![CDATA[SLF4J: Failed to load class "org.slf4j.impl.StaticLoggerBinder".
SLF4J: Defaulting to no-operation (NOP) logger implementation
SLF4J: See http://www.slf4j.org/codes.html#StaticLoggerBinder for further details.
]]></system-err>
  </testcase>
  <testcase name="TC_02_testSearchByZipcode" classname="tests.GeoCodingTest" time="0.204"/>
  <testcase name="TC_03_testSearchCityWithoutApiKey" classname="tests.GeoCodingTest" time="0.177"/>
  <testcase name="TC_01_testGetAirPollutionByCity" classname="tests.AirPollutionTest" time="0.844">
    <system-out><![CDATA[Finished tests in GeoCodingTest
]]></system-out>
  </testcase>
  <testcase name="TC_02_testAirQualityByCity" classname="tests.AirPollutionTest" time="0.912"/>
</testsuite>