<?xml version="1.0" encoding="UTF-8"?>
<testng-results ignored="0" total="5" passed="5" failed="0" skipped="0">
  <reporter-output>
  </reporter-output>
  <suite started-at="2025-07-16T18:09:46 ICT" name="Weather API Test Suite" finished-at="2025-07-16T18:09:51 ICT" duration-ms="4746">
    <groups>
    </groups>
    <test started-at="2025-07-16T18:09:46 ICT" name="Geo API Tests" finished-at="2025-07-16T18:09:51 ICT" duration-ms="4746">
      <class name="base.TestSuiteSetup">
        <test-method is-config="true" signature="beforeSuite()[pri:0, instance:base.TestSuiteSetup@17046283]" started-at="2025-07-16T18:09:46 ICT" name="beforeSuite" finished-at="2025-07-16T18:09:46 ICT" duration-ms="214" status="PASS">
          <reporter-output>
          </reporter-output>
        </test-method> <!-- beforeSuite -->
        <test-method is-config="true" signature="afterSuite()[pri:0, instance:base.TestSuiteSetup@17046283]" started-at="2025-07-16T18:09:51 ICT" name="afterSuite" finished-at="2025-07-16T18:09:51 ICT" duration-ms="399" status="PASS">
          <reporter-output>
          </reporter-output>
        </test-method> <!-- afterSuite -->
      </class> <!-- base.TestSuiteSetup -->
      <class name="tests.GeoCodingTest">
        <test-method is-config="true" signature="setup()[pri:0, instance:tests.GeoCodingTest@9353778]" started-at="2025-07-16T18:09:46 ICT" name="setup" finished-at="2025-07-16T18:09:46 ICT" duration-ms="358" status="PASS">
          <reporter-output>
          </reporter-output>
        </test-method> <!-- setup -->
        <test-method signature="TC_01_testSearchCityByName()[pri:0, instance:tests.GeoCodingTest@9353778]" started-at="2025-07-16T18:09:46 ICT" name="TC_01_testSearchCityByName" finished-at="2025-07-16T18:09:49 ICT" duration-ms="2206" status="PASS">
          <reporter-output>
          </reporter-output>
        </test-method> <!-- TC_01_testSearchCityByName -->
        <test-method signature="TC_02_testSearchByZipcode()[pri:0, instance:tests.GeoCodingTest@9353778]" started-at="2025-07-16T18:09:49 ICT" name="TC_02_testSearchByZipcode" finished-at="2025-07-16T18:09:49 ICT" duration-ms="207" status="PASS">
          <reporter-output>
          </reporter-output>
        </test-method> <!-- TC_02_testSearchByZipcode -->
        <test-method signature="TC_03_testSearchCityWithoutApiKey()[pri:0, instance:tests.GeoCodingTest@9353778]" started-at="2025-07-16T18:09:49 ICT" name="TC_03_testSearchCityWithoutApiKey" finished-at="2025-07-16T18:09:49 ICT" duration-ms="175" status="PASS">
          <reporter-output>
          </reporter-output>
        </test-method> <!-- TC_03_testSearchCityWithoutApiKey -->
        <test-method is-config="true" signature="tearDown()[pri:0, instance:tests.GeoCodingTest@9353778]" started-at="2025-07-16T18:09:49 ICT" name="tearDown" finished-at="2025-07-16T18:09:49 ICT" duration-ms="0" status="PASS">
          <reporter-output>
          </reporter-output>
        </test-method> <!-- tearDown -->
      </class> <!-- tests.GeoCodingTest -->
      <class name="tests.AirPollutionTest">
        <test-method signature="TC_01_testGetAirPollutionByCity()[pri:0, instance:tests.AirPollutionTest@6a28ffa4]" started-at="2025-07-16T18:09:49 ICT" name="TC_01_testGetAirPollutionByCity" finished-at="2025-07-16T18:09:50 ICT" duration-ms="847" status="PASS">
          <reporter-output>
          </reporter-output>
        </test-method> <!-- TC_01_testGetAirPollutionByCity -->
        <test-method is-config="true" signature="setup()[pri:0, instance:tests.AirPollutionTest@6a28ffa4]" started-at="2025-07-16T18:09:49 ICT" name="setup" finished-at="2025-07-16T18:09:49 ICT" duration-ms="0" status="PASS">
          <reporter-output>
          </reporter-output>
        </test-method> <!-- setup -->
        <test-method signature="TC_02_testAirQualityByCity()[pri:0, instance:tests.AirPollutionTest@6a28ffa4]" started-at="2025-07-16T18:09:50 ICT" name="TC_02_testAirQualityByCity" finished-at="2025-07-16T18:09:51 ICT" duration-ms="907" status="PASS">
          <reporter-output>
          </reporter-output>
        </test-method> <!-- TC_02_testAirQualityByCity -->
        <test-method is-config="true" signature="tearDown()[pri:0, instance:tests.AirPollutionTest@6a28ffa4]" started-at="2025-07-16T18:09:51 ICT" name="tearDown" finished-at="2025-07-16T18:09:51 ICT" duration-ms="0" status="PASS">
          <reporter-output>
          </reporter-output>
        </test-method> <!-- tearDown -->
      </class> <!-- tests.AirPollutionTest -->
    </test> <!-- Geo API Tests -->
  </suite> <!-- Weather API Test Suite -->
</testng-results>
