<?xml version="1.0" encoding="UTF-8"?>
<testng-results ignored="0" total="5" passed="5" failed="0" skipped="0">
  <reporter-output>
  </reporter-output>
  <suite started-at="2025-07-25T15:42:16 ICT" name="Weather API Test Suite" finished-at="2025-07-25T15:42:22 ICT" duration-ms="5562">
    <groups>
    </groups>
    <test started-at="2025-07-25T15:42:16 ICT" name="Geo API Tests" finished-at="2025-07-25T15:42:22 ICT" duration-ms="5562">
      <class name="tests.GeoCodingTest">
        <test-method is-config="true" signature="beforeSuite()[pri:0, instance:tests.GeoCodingTest@3d51f06e]" started-at="2025-07-25T15:42:16 ICT" name="beforeSuite" finished-at="2025-07-25T15:42:16 ICT" duration-ms="546" status="PASS">
          <reporter-output>
          </reporter-output>
        </test-method> <!-- beforeSuite -->
        <test-method signature="testSearchByZipcode()[pri:0, instance:tests.GeoCodingTest@3d51f06e]" started-at="2025-07-25T15:42:16 ICT" name="testSearchByZipcode" finished-at="2025-07-25T15:42:19 ICT" duration-ms="2371" status="PASS">
          <reporter-output>
          </reporter-output>
        </test-method> <!-- testSearchByZipcode -->
        <test-method signature="testSearchCityByName()[pri:0, instance:tests.GeoCodingTest@3d51f06e]" started-at="2025-07-25T15:42:19 ICT" name="testSearchCityByName" finished-at="2025-07-25T15:42:20 ICT" duration-ms="1203" status="PASS">
          <reporter-output>
          </reporter-output>
        </test-method> <!-- testSearchCityByName -->
        <test-method signature="testSearchCityWithoutApiKey()[pri:0, instance:tests.GeoCodingTest@3d51f06e]" started-at="2025-07-25T15:42:20 ICT" name="testSearchCityWithoutApiKey" finished-at="2025-07-25T15:42:20 ICT" duration-ms="298" status="PASS">
          <reporter-output>
          </reporter-output>
        </test-method> <!-- testSearchCityWithoutApiKey -->
        <test-method is-config="true" signature="afterSuite()[pri:0, instance:tests.GeoCodingTest@3d51f06e]" started-at="2025-07-25T15:42:22 ICT" name="afterSuite" finished-at="2025-07-25T15:42:22 ICT" duration-ms="306" status="PASS">
          <reporter-output>
          </reporter-output>
        </test-method> <!-- afterSuite -->
      </class> <!-- tests.GeoCodingTest -->
      <class name="tests.AirPollutionTest">
        <test-method signature="testAirQualityByCity()[pri:0, instance:tests.AirPollutionTest@130161f7]" started-at="2025-07-25T15:42:20 ICT" name="testAirQualityByCity" finished-at="2025-07-25T15:42:21 ICT" duration-ms="965" status="PASS">
          <reporter-output>
          </reporter-output>
        </test-method> <!-- testAirQualityByCity -->
        <test-method signature="testGetAirPollutionByCity()[pri:0, instance:tests.AirPollutionTest@130161f7]" started-at="2025-07-25T15:42:21 ICT" name="testGetAirPollutionByCity" finished-at="2025-07-25T15:42:22 ICT" duration-ms="694" status="PASS">
          <reporter-output>
          </reporter-output>
        </test-method> <!-- testGetAirPollutionByCity -->
      </class> <!-- tests.AirPollutionTest -->
    </test> <!-- Geo API Tests -->
  </suite> <!-- Weather API Test Suite -->
</testng-results>
