<?xml version="1.0" encoding="UTF-8"?>
<!-- Generated by org.testng.reporters.JUnitXMLReporter -->
<testsuite ignored="0" hostname="LVN01000434" failures="0" tests="5" name="Geo API Tests" time="4.746" errors="0" timestamp="2025-07-16T18:09:51 ICT">
  <testcase classname="tests.GeoCodingTest" name="TC_01_testSearchCityByName" time="2.206"/>
  <testcase classname="tests.GeoCodingTest" name="TC_02_testSearchByZipcode" time="0.207"/>
  <testcase classname="tests.GeoCodingTest" name="TC_03_testSearchCityWithoutApiKey" time="0.175"/>
  <testcase classname="tests.AirPollutionTest" name="TC_01_testGetAirPollutionByCity" time="0.847"/>
  <testcase classname="tests.AirPollutionTest" name="TC_02_testAirQualityByCity" time="0.907"/>
</testsuite> <!-- Geo API Tests -->
