<?xml version="1.0" encoding="UTF-8"?>
<!-- Generated by org.testng.reporters.JUnitXMLReporter -->
<testsuite ignored="2" hostname="LVN01000434" failures="0" tests="5" name="Geo API Tests" time="5.562" errors="0" timestamp="2025-07-25T15:42:22 ICT">
  <testcase classname="tests.GeoCodingTest" name="testSearchByZipcode" time="2.371"/>
  <testcase classname="tests.GeoCodingTest" name="testSearchCityByName" time="1.203"/>
  <testcase classname="tests.GeoCodingTest" name="testSearchCityWithoutApiKey" time="0.298"/>
  <testcase classname="tests.AirPollutionTest" name="testAirQualityByCity" time="0.965"/>
  <testcase classname="tests.AirPollutionTest" name="testGetAirPollutionByCity" time="0.694"/>
  <testcase classname="base.BaseTest" name="@BeforeSuite beforeSuite" time="0.0">
    <ignored/>
  </testcase> <!-- @BeforeSuite beforeSuite -->
  <testcase classname="base.BaseTest" name="@AfterSuite afterSuite" time="0.0">
    <ignored/>
  </testcase> <!-- @AfterSuite afterSuite -->
</testsuite> <!-- Geo API Tests -->
